<?xml version="1.0" encoding="UTF-8" ?>
<testsuite failures="0" time="0.096" errors="0" skipped="0" tests="1" name="luoyong.dinnerpanel.dinnerpanel.AppTest">
  <properties>
    <property name="java.runtime.name" value="OpenJDK Runtime Environment"/>
    <property name="sun.boot.library.path" value="/usr/lib/jvm/java-6-openjdk/jre/lib/i386"/>
    <property name="java.vm.version" value="16.0-b13"/>
    <property name="java.vm.vendor" value="Sun Microsystems Inc."/>
    <property name="java.vendor.url" value="http://java.sun.com/"/>
    <property name="path.separator" value=":"/>
    <property name="java.vm.name" value="OpenJDK Client VM"/>
    <property name="file.encoding.pkg" value="sun.io"/>
    <property name="user.country" value="US"/>
    <property name="sun.java.launcher" value="SUN_STANDARD"/>
    <property name="sun.os.patch.level" value="unknown"/>
    <property name="java.vm.specification.name" value="Java Virtual Machine Specification"/>
    <property name="user.dir" value="/home/yong/work/project/dinner_panel/src/dao"/>
    <property name="java.runtime.version" value="1.6.0_18-b18"/>
    <property name="java.awt.graphicsenv" value="sun.awt.X11GraphicsEnvironment"/>
    <property name="basedir" value="/home/yong/work/project/dinner_panel/src/dao"/>
    <property name="java.endorsed.dirs" value="/usr/lib/jvm/java-6-openjdk/jre/lib/endorsed"/>
    <property name="os.arch" value="i386"/>
    <property name="surefire.real.class.path" value="/tmp/surefirebooter8953704325473613996.jar"/>
    <property name="java.io.tmpdir" value="/tmp"/>
    <property name="line.separator" value="
"/>
    <property name="java.vm.specification.vendor" value="Sun Microsystems Inc."/>
    <property name="os.name" value="Linux"/>
    <property name="sun.jnu.encoding" value="UTF-8"/>
    <property name="java.library.path" value="/usr/lib/jvm/java-6-openjdk/jre/lib/i386/client:/usr/lib/jvm/java-6-openjdk/jre/lib/i386:/usr/lib/jvm/java-6-openjdk/jre/../lib/i386:/usr/java/packages/lib/i386:/usr/lib/jni:/lib:/usr/lib"/>
    <property name="surefire.test.class.path" value="/home/yong/work/project/dinner_panel/src/dao/target/test-classes:/home/yong/work/project/dinner_panel/src/dao/target/classes:/home/yong/.m2/repository/junit/junit/3.8.1/junit-3.8.1.jar:/home/yong/.m2/repository/org/eclipse/persistence/javax.persistence/2.0.0/javax.persistence-2.0.0.jar:/home/yong/.m2/repository/javax/javaee-api/6.0/javaee-api-6.0.jar:/home/yong/.m2/repository/org/eclipse/persistence/eclipselink/2.0.2/eclipselink-2.0.2.jar:/home/yong/.m2/repository/org/apache/derby/derbyclient/10.6.1.0/derbyclient-10.6.1.0.jar:/home/yong/.m2/repository/jasperreports/jasperreports/3.5.3/jasperreports-3.5.3.jar:/home/yong/.m2/repository/commons-beanutils/commons-beanutils/1.8.3/commons-beanutils-1.8.3.jar:/home/yong/.m2/repository/commons-logging/commons-logging/1.0.2/commons-logging-1.0.2.jar:/home/yong/.m2/repository/commons-collections/commons-collections/2.1/commons-collections-2.1.jar:/home/yong/.m2/repository/commons-digester/commons-digester/1.7/commons-digester-1.7.jar:/home/yong/.m2/repository/xml-apis/xml-apis/1.3.02/xml-apis-1.3.02.jar:/home/yong/.m2/repository/com/lowagie/itext/2.1.0/itext-2.1.0.jar:/home/yong/.m2/repository/bouncycastle/bcmail-jdk14/136/bcmail-jdk14-136.jar:/home/yong/.m2/repository/bouncycastle/bcprov-jdk14/136/bcprov-jdk14-136.jar:/home/yong/.m2/repository/jfree/jcommon/1.0.15/jcommon-1.0.15.jar:/home/yong/.m2/repository/jfree/jfreechart/1.0.12/jfreechart-1.0.12.jar:/home/yong/.m2/repository/eclipse/jdtcore/3.1.0/jdtcore-3.1.0.jar:/home/yong/.m2/repository/org/apache/poi/poi/3.6/poi-3.6.jar:/home/yong/.m2/repository/log4j/log4j/1.2.13/log4j-1.2.13.jar:"/>
    <property name="java.specification.name" value="Java Platform API Specification"/>
    <property name="java.class.version" value="50.0"/>
    <property name="sun.management.compiler" value="HotSpot Client Compiler"/>
    <property name="os.version" value="2.6.32-24-generic"/>
    <property name="user.home" value="/home/yong"/>
    <property name="user.timezone" value=""/>
    <property name="java.awt.printerjob" value="sun.print.PSPrinterJob"/>
    <property name="file.encoding" value="UTF-8"/>
    <property name="java.specification.version" value="1.6"/>
    <property name="user.name" value="yong"/>
    <property name="java.class.path" value="/home/yong/work/project/dinner_panel/src/dao/target/test-classes:/home/yong/work/project/dinner_panel/src/dao/target/classes:/home/yong/.m2/repository/junit/junit/3.8.1/junit-3.8.1.jar:/home/yong/.m2/repository/org/eclipse/persistence/javax.persistence/2.0.0/javax.persistence-2.0.0.jar:/home/yong/.m2/repository/javax/javaee-api/6.0/javaee-api-6.0.jar:/home/yong/.m2/repository/org/eclipse/persistence/eclipselink/2.0.2/eclipselink-2.0.2.jar:/home/yong/.m2/repository/org/apache/derby/derbyclient/10.6.1.0/derbyclient-10.6.1.0.jar:/home/yong/.m2/repository/jasperreports/jasperreports/3.5.3/jasperreports-3.5.3.jar:/home/yong/.m2/repository/commons-beanutils/commons-beanutils/1.8.3/commons-beanutils-1.8.3.jar:/home/yong/.m2/repository/commons-logging/commons-logging/1.0.2/commons-logging-1.0.2.jar:/home/yong/.m2/repository/commons-collections/commons-collections/2.1/commons-collections-2.1.jar:/home/yong/.m2/repository/commons-digester/commons-digester/1.7/commons-digester-1.7.jar:/home/yong/.m2/repository/xml-apis/xml-apis/1.3.02/xml-apis-1.3.02.jar:/home/yong/.m2/repository/com/lowagie/itext/2.1.0/itext-2.1.0.jar:/home/yong/.m2/repository/bouncycastle/bcmail-jdk14/136/bcmail-jdk14-136.jar:/home/yong/.m2/repository/bouncycastle/bcprov-jdk14/136/bcprov-jdk14-136.jar:/home/yong/.m2/repository/jfree/jcommon/1.0.15/jcommon-1.0.15.jar:/home/yong/.m2/repository/jfree/jfreechart/1.0.12/jfreechart-1.0.12.jar:/home/yong/.m2/repository/eclipse/jdtcore/3.1.0/jdtcore-3.1.0.jar:/home/yong/.m2/repository/org/apache/poi/poi/3.6/poi-3.6.jar:/home/yong/.m2/repository/log4j/log4j/1.2.13/log4j-1.2.13.jar:"/>
    <property name="java.vm.specification.version" value="1.0"/>
    <property name="sun.arch.data.model" value="32"/>
    <property name="java.home" value="/usr/lib/jvm/java-6-openjdk/jre"/>
    <property name="java.specification.vendor" value="Sun Microsystems Inc."/>
    <property name="user.language" value="en"/>
    <property name="java.vm.info" value="mixed mode, sharing"/>
    <property name="java.version" value="1.6.0_18"/>
    <property name="java.ext.dirs" value="/usr/lib/jvm/java-6-openjdk/jre/lib/ext:/usr/java/packages/lib/ext"/>
    <property name="sun.boot.class.path" value="/usr/lib/jvm/java-6-openjdk/jre/lib/resources.jar:/usr/lib/jvm/java-6-openjdk/jre/lib/rt.jar:/usr/lib/jvm/java-6-openjdk/jre/lib/sunrsasign.jar:/usr/lib/jvm/java-6-openjdk/jre/lib/jsse.jar:/usr/lib/jvm/java-6-openjdk/jre/lib/jce.jar:/usr/lib/jvm/java-6-openjdk/jre/lib/charsets.jar:/usr/lib/jvm/java-6-openjdk/jre/lib/rhino.jar:/usr/lib/jvm/java-6-openjdk/jre/classes"/>
    <property name="java.vendor" value="Sun Microsystems Inc."/>
    <property name="localRepository" value="/home/yong/.m2/repository"/>
    <property name="file.separator" value="/"/>
    <property name="java.vendor.url.bug" value="http://java.sun.com/cgi-bin/bugreport.cgi"/>
    <property name="sun.cpu.endian" value="little"/>
    <property name="sun.io.unicode.encoding" value="UnicodeLittle"/>
    <property name="sun.desktop" value="gnome"/>
    <property name="sun.cpu.isalist" value=""/>
  </properties>
  <testcase time="0.008" classname="luoyong.dinnerpanel.dinnerpanel.AppTest" name="testApp"/>
</testsuite>